<?xml version="1.0" encoding="UTF-8"?>
<testng-results ignored="0" total="1" passed="1" failed="0" skipped="0">
  <reporter-output>
  </reporter-output>
  <suite started-at="2024-03-10T16:02:52 IST" name="Default suite" finished-at="2024-03-10T16:03:28 IST" duration-ms="36132">
    <groups>
    </groups>
    <test started-at="2024-03-10T16:02:52 IST" name="Default test" finished-at="2024-03-10T16:03:28 IST" duration-ms="36132">
      <class name="Packgae.Class">
        <test-method is-config="true" signature="Beforeclass()[pri:0, instance:Packgae.Class@e350b40]" started-at="2024-03-10T16:02:52 IST" name="Beforeclass" finished-at="2024-03-10T16:02:54 IST" duration-ms="2021" status="PASS">
          <reporter-output>
          </reporter-output>
        </test-method> <!-- Beforeclass -->
        <test-method is-config="true" signature="Beformethod()[pri:0, instance:Packgae.Class@e350b40]" started-at="2024-03-10T16:02:54 IST" name="Beformethod" finished-at="2024-03-10T16:03:05 IST" duration-ms="11230" status="PASS">
          <reporter-output>
          </reporter-output>
        </test-method> <!-- Beformethod -->
        <test-method signature="applywatchdemo()[pri:0, instance:Packgae.Class@e350b40]" started-at="2024-03-10T16:03:05 IST" name="applywatchdemo" finished-at="2024-03-10T16:03:28 IST" duration-ms="22845" status="PASS">
          <reporter-output>
          </reporter-output>
        </test-method> <!-- applywatchdemo -->
      </class> <!-- Packgae.Class -->
    </test> <!-- Default test -->
  </suite> <!-- Default suite -->
</testng-results>
